{"contracts/SecondContract.sol":{"l":{"13":3,"17":1,"18":1,"22":1},"path":"/Volumes/Dev/ec/dev/solidity-coverage-bug/contracts/SecondContract.sol","s":{"1":3,"2":1,"3":1,"4":1},"b":{},"f":{"1":3,"2":1,"3":1},"fnMap":{"1":{"name":"constructor","line":12,"loc":{"start":{"line":12,"column":4},"end":{"line":14,"column":4}}},"2":{"name":"test","line":16,"loc":{"start":{"line":16,"column":4},"end":{"line":19,"column":4}}},"3":{"name":"test2","line":21,"loc":{"start":{"line":21,"column":4},"end":{"line":23,"column":4}}}},"statementMap":{"1":{"start":{"line":13,"column":8},"end":{"line":13,"column":26}},"2":{"start":{"line":17,"column":8},"end":{"line":17,"column":25}},"3":{"start":{"line":18,"column":8},"end":{"line":18,"column":34}},"4":{"start":{"line":22,"column":8},"end":{"line":22,"column":30}}},"branchMap":{}},"contracts/TC.sol":{"l":{"11":0,"15":3},"path":"/Volumes/Dev/ec/dev/solidity-coverage-bug/contracts/TC.sol","s":{"1":6,"2":3},"b":{},"f":{"1":0,"2":0,"3":3},"fnMap":{"1":{"name":"constructor","line":6,"loc":{"start":{"line":6,"column":4},"end":{"line":8,"column":4}}},"2":{"name":"add","line":10,"loc":{"start":{"line":10,"column":4},"end":{"line":12,"column":4}}},"3":{"name":"sub","line":14,"loc":{"start":{"line":14,"column":4},"end":{"line":16,"column":4}}}},"statementMap":{"1":{"start":{"line":11,"column":8},"end":{"line":11,"column":20}},"2":{"start":{"line":15,"column":8},"end":{"line":15,"column":20}}},"branchMap":{}}}